#
# There is insufficient memory for the Java Runtime Environment to continue.
# Native memory allocation (malloc) failed to allocate 397776 bytes for Chunk::new
# Possible reasons:
#   The system is out of physical RAM or swap space
#   In 32 bit mode, the process size limit was hit
# Possible solutions:
#   Reduce memory load on the system
#   Increase physical memory or swap space
#   Check if swap backing store is full
#   Use 64 bit Java on a 64 bit OS
#   Decrease Java heap size (-Xmx/-Xms)
#   Decrease number of Java threads
#   Decrease Java thread stack sizes (-Xss)
#   Set larger code cache with -XX:ReservedCodeCacheSize=
# This output file may be truncated or incomplete.
#
#  Out of Memory Error (allocation.cpp:390), pid=8952, tid=4052
#
# JRE version: Java(TM) SE Runtime Environment (8.0_60-b27) (build 1.8.0_60-b27)
# Java VM: Java HotSpot(TM) 64-Bit Server VM (25.60-b23 mixed mode windows-amd64 compressed oops)
# Failed to write core dump. Minidumps are not enabled by default on client versions of Windows
#

---------------  T H R E A D  ---------------

Current thread (0x00000000154af000):  JavaThread "C2 CompilerThread0" daemon [_thread_in_native, id=4052, stack(0x0000000016ae0000,0x0000000016be0000)]

Stack: [0x0000000016ae0000,0x0000000016be0000]
[error occurred during error reporting (printing stack bounds), id 0xc0000005]

Native frames: (J=compiled Java code, j=interpreted, Vv=VM code, C=native code)


Current CompileTask:
C2:   3192 1004       4       com.android.dx.ssa.SsaMethod::forEachInsn (36 bytes)


---------------  P R O C E S S  ---------------

Java Threads: ( => current thread )
  0x0000000017045000 JavaThread "pool-1-thread-4" [_thread_blocked, id=8364, stack(0x00000000177e0000,0x00000000178e0000)]
  0x0000000017050800 JavaThread "pool-1-thread-3" [_thread_blocked, id=8340, stack(0x00000000176e0000,0x00000000177e0000)]
  0x000000001704a000 JavaThread "pool-1-thread-2" [_thread_blocked, id=8632, stack(0x00000000175e0000,0x00000000176e0000)]
  0x0000000017036800 JavaThread "pool-2-thread-1" [_thread_blocked, id=8628, stack(0x00000000174e0000,0x00000000175e0000)]
  0x0000000017036000 JavaThread "pool-1-thread-1" [_thread_blocked, id=8624, stack(0x00000000173e0000,0x00000000174e0000)]
  0x000000001550c000 JavaThread "Service Thread" daemon [_thread_blocked, id=8504, stack(0x00000000171e0000,0x00000000172e0000)]
  0x0000000015503800 JavaThread "C1 CompilerThread2" daemon [_thread_blocked, id=8392, stack(0x0000000016ce0000,0x0000000016de0000)]
  0x00000000154b1000 JavaThread "C2 CompilerThread1" daemon [_thread_blocked, id=8400, stack(0x0000000016be0000,0x0000000016ce0000)]
=>0x00000000154af000 JavaThread "C2 CompilerThread0" daemon [_thread_in_native, id=4052, stack(0x0000000016ae0000,0x0000000016be0000)]
  0x00000000154ac000 JavaThread "Attach Listener" daemon [_thread_blocked, id=2056, stack(0x00000000169e0000,0x0000000016ae0000)]
  0x00000000154ab800 JavaThread "Signal Dispatcher" daemon [_thread_blocked, id=8712, stack(0x00000000168e0000,0x00000000169e0000)]
  0x0000000002dd6800 JavaThread "Finalizer" daemon [_thread_blocked, id=8140, stack(0x0000000016700000,0x0000000016800000)]
  0x0000000002dcd800 JavaThread "Reference Handler" daemon [_thread_blocked, id=2892, stack(0x0000000016600000,0x0000000016700000)]
  0x0000000002bde000 JavaThread "main" [_thread_blocked, id=9092, stack(0x0000000002be0000,0x0000000002ce0000)]

Other Threads:
  0x0000000015478800 VMThread [stack: 0x0000000016500000,0x0000000016600000] [id=2792]
  0x0000000016e02800 WatcherThread [stack: 0x00000000172e0000,0x00000000173e0000] [id=8568]

VM state:not at safepoint (normal execution)

VM Mutex/Monitor currently owned by a thread: None

Heap:
 PSYoungGen      total 18944K, used 5852K [0x00000000eab00000, 0x00000000ec000000, 0x0000000100000000)
  eden space 16384K, 20% used [0x00000000eab00000,0x00000000eae38678,0x00000000ebb00000)
  from space 2560K, 99% used [0x00000000ebd80000,0x00000000ebffeab8,0x00000000ec000000)
  to   space 2560K, 0% used [0x00000000ebb00000,0x00000000ebb00000,0x00000000ebd80000)
 ParOldGen       total 44032K, used 1680K [0x00000000c0000000, 0x00000000c2b00000, 0x00000000eab00000)
  object space 44032K, 3% used [0x00000000c0000000,0x00000000c01a40b8,0x00000000c2b00000)
 Metaspace       used 5659K, capacity 6832K, committed 7040K, reserved 1056768K
  class space    used 578K, capacity 616K, committed 640K, reserved 1048576K

Card table byte_map: [0x00000000121a0000,0x00000000123b0000] byte_map_base: 0x0000000011ba0000

Marking Bits: (ParMarkBitMap*) 0x0000000058dea5b0
 Begin Bits: [0x0000000012910000, 0x0000000013910000)
 End Bits:   [0x0000000013910000, 0x0000000014910000)

Polling page: 0x0000000001250000

CodeCache: size=245760Kb used=4027Kb max_used=4027Kb free=241732Kb
 bounds [0x0000000002de0000, 0x00000000031e0000, 0x0000000011de0000]
 total_blobs=1280 nmethods=1017 adapters=176
 compilation: enabled

Compilation events (10 events):
Event: 3.182 Thread 0x0000000015503800 nmethod 1018 0x00000000031c8a50 code [0x00000000031c8fe0, 0x00000000031cc668]
Event: 3.182 Thread 0x0000000015503800 1019       3       com.android.dx.ssa.PhiInsn::getSources (95 bytes)
Event: 3.183 Thread 0x00000000154b1000 nmethod 1011 0x00000000031d1810 code [0x00000000031d19a0, 0x00000000031d2088]
Event: 3.183 Thread 0x0000000015503800 nmethod 1019 0x00000000031cf910 code [0x00000000031cfb80, 0x00000000031d0b98]
Event: 3.183 Thread 0x0000000015503800 1022       3       com.android.dx.rop.type.StdTypeList::getType (6 bytes)
Event: 3.184 Thread 0x0000000015503800 nmethod 1022 0x00000000031cf2d0 code [0x00000000031cf440, 0x00000000031cf808]
Event: 3.184 Thread 0x0000000015503800 1021       3       com.android.dx.rop.cst.CstLiteral32::equals (35 bytes)
Event: 3.184 Thread 0x0000000015503800 nmethod 1021 0x00000000031cec10 code [0x00000000031ced80, 0x00000000031cf1d0]
Event: 3.184 Thread 0x0000000015503800 1020       3       com.android.dx.ssa.PhiInsn::hasSideEffect (19 bytes)
Event: 3.184 Thread 0x0000000015503800 nmethod 1020 0x00000000031ce510 code [0x00000000031ce680, 0x00000000031cead0]

GC Heap History (4 events):
Event: 2.355 GC heap before
{Heap before GC invocations=1 (full 0):
 PSYoungGen      total 18944K, used 16384K [0x00000000eab00000, 0x00000000ec000000, 0x0000000100000000)
  eden space 16384K, 100% used [0x00000000eab00000,0x00000000ebb00000,0x00000000ebb00000)
  from space 2560K, 0% used [0x00000000ebd80000,0x00000000ebd80000,0x00000000ec000000)
  to   space 2560K, 0% used [0x00000000ebb00000,0x00000000ebb00000,0x00000000ebd80000)
 ParOldGen       total 44032K, used 1K [0x00000000c0000000, 0x00000000c2b00000, 0x00000000eab00000)
  object space 44032K, 0% used [0x00000000c0000000,0x00000000c0000658,0x00000000c2b00000)
 Metaspace       used 5584K, capacity 6768K, committed 7040K, reserved 1056768K
  class space    used 578K, capacity 616K, committed 640K, reserved 1048576K
Event: 2.724 GC heap after
Heap after GC invocations=1 (full 0):
 PSYoungGen      total 18944K, used 2538K [0x00000000eab00000, 0x00000000ec000000, 0x0000000100000000)
  eden space 16384K, 0% used [0x00000000eab00000,0x00000000eab00000,0x00000000ebb00000)
  from space 2560K, 99% used [0x00000000ebb00000,0x00000000ebd7aaa8,0x00000000ebd80000)
  to   space 2560K, 0% used [0x00000000ebd80000,0x00000000ebd80000,0x00000000ec000000)
 ParOldGen       total 44032K, used 1672K [0x00000000c0000000, 0x00000000c2b00000, 0x00000000eab00000)
  object space 44032K, 3% used [0x00000000c0000000,0x00000000c01a20b8,0x00000000c2b00000)
 Metaspace       used 5584K, capacity 6768K, committed 7040K, reserved 1056768K
  class space    used 578K, capacity 616K, committed 640K, reserved 1048576K
}
Event: 2.736 GC heap before
{Heap before GC invocations=2 (full 0):
 PSYoungGen      total 18944K, used 3634K [0x00000000eab00000, 0x00000000ec000000, 0x0000000100000000)
  eden space 16384K, 6% used [0x00000000eab00000,0x00000000eac11e10,0x00000000ebb00000)
  from space 2560K, 99% used [0x00000000ebb00000,0x00000000ebd7aaa8,0x00000000ebd80000)
  to   space 2560K, 0% used [0x00000000ebd80000,0x00000000ebd80000,0x00000000ec000000)
 ParOldGen       total 44032K, used 1672K [0x00000000c0000000, 0x00000000c2b00000, 0x00000000eab00000)
  object space 44032K, 3% used [0x00000000c0000000,0x00000000c01a20b8,0x00000000c2b00000)
 Metaspace       used 5598K, capacity 6768K, committed 7040K, reserved 1056768K
  class space    used 578K, capacity 616K, committed 640K, reserved 1048576K
Event: 2.987 GC heap after
Heap after GC invocations=2 (full 0):
 PSYoungGen      total 18944K, used 2554K [0x00000000eab00000, 0x00000000ec000000, 0x0000000100000000)
  eden space 16384K, 0% used [0x00000000eab00000,0x00000000eab00000,0x00000000ebb00000)
  from space 2560K, 99% used [0x00000000ebd80000,0x00000000ebffeab8,0x00000000ec000000)
  to   space 2560K, 0% used [0x00000000ebb00000,0x00000000ebb00000,0x00000000ebd80000)
 ParOldGen       total 44032K, used 1680K [0x00000000c0000000, 0x00000000c2b00000, 0x00000000eab00000)
  object space 44032K, 3% used [0x00000000c0000000,0x00000000c01a40b8,0x00000000c2b00000)
 Metaspace       used 5598K, capacity 6768K, committed 7040K, reserved 1056768K
  class space    used 578K, capacity 616K, committed 640K, reserved 1048576K
}

Deoptimization events (1 events):
Event: 1.895 Thread 0x0000000017045000 Uncommon trap: reason=unstable_if action=reinterpret pc=0x0000000002fc925c method=java.util.HashMap.getNode(ILjava/lang/Object;)Ljava/util/HashMap$Node; @ 129

Internal exceptions (2 events):
Event: 0.287 Thread 0x0000000002bde000 Exception <a 'java/lang/NoSuchMethodError': Method sun.misc.Unsafe.defineClass(Ljava/lang/String;[BII)Ljava/lang/Class; name or signature does not match> (0x00000000eab0d508) thrown at [C:\re\workspace\8-2-build-windows-amd64-cygwin\jdk8u60\4407\hotspot\srˆa&ZÒ?
Event: 0.287 Thread 0x0000000002bde000 Exception <a 'java/lang/NoSuchMethodError': Method sun.misc.Unsafe.prefetchRead(Ljava/lang/Object;J)V name or signature does not match> (0x00000000eab0d7f0) thrown at [C:\re\workspace\8-2-build-windows-amd64-cygwin\jdk8u60\4407\hotspot\src\share\vm\prims\j

Events (10 events):
Event: 2.214 loading class java/util/DualPivotQuicksort
Event: 2.214 loading class java/util/DualPivotQuicksort done
Event: 2.325 loading class com/android/dx/cf/attrib/AttConstantValue
Event: 2.325 loading class com/android/dx/cf/attrib/AttConstantValue done
Event: 2.355 Executing VM operation: ParallelGCFailedAllocation
Event: 2.355 Executing VM operation: ParallelGCFailedAllocation done
Event: 2.355 Executing VM operation: ParallelGCFailedAllocation
Event: 2.724 Executing VM operation: ParallelGCFailedAllocation done
Event: 2.736 Executing VM operation: ParallelGCSystemGC
Event: 2.987 Executing VM operation: ParallelGCSystemGC done


Dynamic libraries:
0x00007ff6a9880000 - 0x00007ff6a98b7000 	C:\Program Files\Java\jdk1.8.0_60\bin\java.exe
0x00007ff9bbca0000 - 0x00007ff9bbe62000 	C:\Windows\SYSTEM32\ntdll.dll
0x00007ff9b9670000 - 0x00007ff9b971d000 	C:\Windows\system32\KERNEL32.DLL
0x00007ff9b8aa0000 - 0x00007ff9b8c7d000 	C:\Windows\system32\KERNELBASE.dll
0x00007ff9b9560000 - 0x00007ff9b9606000 	C:\Windows\system32\ADVAPI32.dll
0x00007ff9bbc00000 - 0x00007ff9bbc9d000 	C:\Windows\system32\msvcrt.dll
0x00007ff9bb1d0000 - 0x00007ff9bb22b000 	C:\Windows\system32\sechost.dll
0x00007ff9bb3f0000 - 0x00007ff9bb516000 	C:\Windows\system32\RPCRT4.dll
0x00007ff9bb730000 - 0x00007ff9bb87e000 	C:\Windows\system32\USER32.dll
0x00007ff9bb8f0000 - 0x00007ff9bba73000 	C:\Windows\system32\GDI32.dll
0x00007ff9b0900000 - 0x00007ff9b0b74000 	C:\Windows\WinSxS\amd64_microsoft.windows.common-controls_6595b64144ccf1df_6.0.10240.17184_none_f41d7a705752bce6\COMCTL32.dll
0x00007ff9b9360000 - 0x00007ff9b9396000 	C:\Windows\system32\IMM32.DLL
0x00007ff9bb520000 - 0x00007ff9bb67c000 	C:\Windows\system32\MSCTF.dll
0x0000000058e70000 - 0x0000000058f42000 	C:\Program Files\Java\jdk1.8.0_60\jre\bin\msvcr100.dll
0x00000000585e0000 - 0x0000000058e69000 	C:\Program Files\Java\jdk1.8.0_60\jre\bin\server\jvm.dll
0x00007ff9bb230000 - 0x00007ff9bb238000 	C:\Windows\system32\PSAPI.DLL
0x00007ff9b43b0000 - 0x00007ff9b43b9000 	C:\Windows\SYSTEM32\WSOCK32.dll
0x00007ff9b63a0000 - 0x00007ff9b63c3000 	C:\Windows\SYSTEM32\WINMM.dll
0x00007ff9b9950000 - 0x00007ff9b99b9000 	C:\Windows\system32\WS2_32.dll
0x00007ff9b93a0000 - 0x00007ff9b93a8000 	C:\Windows\system32\NSI.dll
0x00007ff9b6060000 - 0x00007ff9b606a000 	C:\Windows\SYSTEM32\VERSION.dll
0x0000000001220000 - 0x000000000124c000 	C:\Windows\SYSTEM32\WINMMBASE.dll
0x00007ff9b9310000 - 0x00007ff9b9354000 	C:\Windows\system32\cfgmgr32.dll
0x00007ff9b6fa0000 - 0x00007ff9b6fc7000 	C:\Windows\SYSTEM32\DEVOBJ.dll
0x00000000585d0000 - 0x00000000585df000 	C:\Program Files\Java\jdk1.8.0_60\jre\bin\verify.dll
0x00000000585a0000 - 0x00000000585c9000 	C:\Program Files\Java\jdk1.8.0_60\jre\bin\java.dll
0x0000000058580000 - 0x0000000058596000 	C:\Program Files\Java\jdk1.8.0_60\jre\bin\zip.dll
0x00007ff9b9ca0000 - 0x00007ff9bb1c3000 	C:\Windows\system32\SHELL32.dll
0x00007ff9b8ce0000 - 0x00007ff9b9309000 	C:\Windows\system32\windows.storage.dll
0x00007ff9b99c0000 - 0x00007ff9b9c3c000 	C:\Windows\system32\combase.dll
0x00007ff9b9c40000 - 0x00007ff9b9c91000 	C:\Windows\system32\shlwapi.dll
0x00007ff9b86e0000 - 0x00007ff9b86ef000 	C:\Windows\system32\kernel.appcore.dll
0x00007ff9b8760000 - 0x00007ff9b8813000 	C:\Windows\system32\shcore.dll
0x00007ff9b8710000 - 0x00007ff9b875a000 	C:\Windows\system32\powrprof.dll
0x00007ff9b86c0000 - 0x00007ff9b86d3000 	C:\Windows\system32\profapi.dll

VM Arguments:
jvm_args: -Djava.awt.headless=true -Xmx1024M -Dfile.encoding=windows-1252 -Duser.country=US -Duser.language=en -Duser.variant 
java_command: com.android.dx.command.Main --dex --num-threads=4 --output C:\Users\AppBakerZ\Downloads\Adil\rn\react-native-intro\android\app\build\intermediates\pre-dexed\debug\com.facebook.fresco-imagepipeline-base-1.3.0_4bd666cf0e3a84b7ad6657d56ae38ff7554bb296.jar C:\Users\AppBakerZ\Downloads\Adil\rn\react-native-intro\android\app\build\intermediates\exploded-aar\com.facebook.fresco\imagepipeline-base\1.3.0\jars\classes.jar
java_class_path (initial): E:\Android\sdk\build-tools\23.0.1\lib\dx.jar
Launcher Type: SUN_STANDARD

Environment Variables:
JAVA_HOME=C:\Program Files\Java\jdk1.8.0_60
CLASSPATH=C:\Users\AppBakerZ\Downloads\Adil\rn\react-native-intro\android\\gradle\wrapper\gradle-wrapper.jar
PATH=C:\ProgramData\Oracle\Java\javapath;C:\Windows\system32;C:\Windows;C:\Windows\System32\Wbem;C:\Windows\System32\WindowsPowerShell\v1.0\;C:\Program Files\nodejs\;C:\Program Files (x86)\Windows Kits\8.1\Windows Performance Toolkit\;C:\Program Files\Git\cmd;;C:\Program Files\Java\jdk1.8.0_60\bin\bin;C:\apache-ant-1.9.4\bin;E:\Android\sdk\tools;E:\Android\sdk\platform-tools;C:\Ruby24-x64\bin;C:\Users\AppBakerZ\AppData\Roaming\npm;C:\Users\AppBakerZ\AppData\Local\.meteor\;C:\Program Files (x86)\Microsoft VS Code\bin;C:\apache-ant-1.9.4\bin;C:\Program Files\Java\jdk1.8.0_60C:\Program Files\Java\jdk1.8.0_60;E:\Android\sdk\tools;E:\Android\sdk\platform-tools
USERNAME=AppBakerZ
OS=Windows_NT
PROCESSOR_IDENTIFIER=Intel64 Family 6 Model 58 Stepping 9, GenuineIntel



---------------  S Y S T E M  ---------------

OS: Windows 10.0 , 64 bit Build 10240 (10.0.10240.17113)

CPU:total 4 (2 cores per cpu, 2 threads per core) family 6 model 58 stepping 9, cmov, cx8, fxsr, mmx, sse, sse2, sse3, ssse3, sse4.1, sse4.2, popcnt, avx, aes, clmul, erms, ht, tsc, tscinvbit, tscinv

Memory: 4k page, physical 4064268k(249348k free), swap 7956420k(4644k free)

vm_info: Java HotSpot(TM) 64-Bit Server VM (25.60-b23) for windows-amd64 JRE (1.8.0_60-b27), built on Aug  4 2015 11:06:27 by "java_re" with MS VC++ 10.0 (VS2010)

time: Wed Sep 20 13:46:16 2017
elapsed time: 3 seconds (0d 0h 0m 3s)

