#
# There is insufficient memory for the Java Runtime Environment to continue.
# Native memory allocation (malloc) failed to allocate 643936 bytes for Chunk::new
# Possible reasons:
#   The system is out of physical RAM or swap space
#   In 32 bit mode, the process size limit was hit
# Possible solutions:
#   Reduce memory load on the system
#   Increase physical memory or swap space
#   Check if swap backing store is full
#   Use 64 bit Java on a 64 bit OS
#   Decrease Java heap size (-Xmx/-Xms)
#   Decrease number of Java threads
#   Decrease Java thread stack sizes (-Xss)
#   Set larger code cache with -XX:ReservedCodeCacheSize=
# This output file may be truncated or incomplete.
#
#  Out of Memory Error (allocation.cpp:390), pid=9032, tid=8724
#
# JRE version: Java(TM) SE Runtime Environment (8.0_60-b27) (build 1.8.0_60-b27)
# Java VM: Java HotSpot(TM) 64-Bit Server VM (25.60-b23 mixed mode windows-amd64 compressed oops)
# Failed to write core dump. Minidumps are not enabled by default on client versions of Windows
#

---------------  T H R E A D  ---------------

Current thread (0x0000000014bff000):  JavaThread "C2 CompilerThread0" daemon [_thread_in_native, id=8724, stack(0x0000000016230000,0x0000000016330000)]

Stack: [0x0000000016230000,0x0000000016330000]
[error occurred during error reporting (printing stack bounds), id 0xc0000005]

Native frames: (J=compiled Java code, j=interpreted, Vv=VM code, C=native code)


Current CompileTask:
C2:   3091 1254       4       com.android.dx.ssa.SCCP::simulateBranch (666 bytes)


---------------  P R O C E S S  ---------------

Java Threads: ( => current thread )
  0x00000000167b1000 JavaThread "pool-1-thread-4" [_thread_blocked, id=8200, stack(0x0000000016f30000,0x0000000017030000)]
  0x00000000167b0000 JavaThread "pool-1-thread-3" [_thread_blocked, id=8276, stack(0x0000000016e30000,0x0000000016f30000)]
  0x00000000167af800 JavaThread "pool-1-thread-2" [_thread_blocked, id=8280, stack(0x0000000016d30000,0x0000000016e30000)]
  0x00000000167a3800 JavaThread "pool-2-thread-1" [_thread_blocked, id=8660, stack(0x0000000016c30000,0x0000000016d30000)]
  0x00000000167a1000 JavaThread "pool-1-thread-1" [_thread_blocked, id=8644, stack(0x0000000016b30000,0x0000000016c30000)]
  0x0000000016535800 JavaThread "Service Thread" daemon [_thread_blocked, id=8372, stack(0x0000000016930000,0x0000000016a30000)]
  0x0000000014c5b800 JavaThread "C1 CompilerThread2" daemon [_thread_blocked, id=8688, stack(0x0000000016430000,0x0000000016530000)]
  0x0000000014c01000 JavaThread "C2 CompilerThread1" daemon [_thread_in_vm, id=8732, stack(0x0000000016330000,0x0000000016430000)]
=>0x0000000014bff000 JavaThread "C2 CompilerThread0" daemon [_thread_in_native, id=8724, stack(0x0000000016230000,0x0000000016330000)]
  0x0000000014bfc000 JavaThread "Attach Listener" daemon [_thread_blocked, id=8708, stack(0x0000000016130000,0x0000000016230000)]
  0x0000000014bfb800 JavaThread "Signal Dispatcher" daemon [_thread_blocked, id=8412, stack(0x0000000016030000,0x0000000016130000)]
  0x0000000002476800 JavaThread "Finalizer" daemon [_thread_blocked, id=4816, stack(0x0000000015e50000,0x0000000015f50000)]
  0x000000000246d800 JavaThread "Reference Handler" daemon [_thread_blocked, id=6768, stack(0x0000000015d50000,0x0000000015e50000)]
  0x000000000252e000 JavaThread "main" [_thread_blocked, id=9084, stack(0x0000000002230000,0x0000000002330000)]

Other Threads:
  0x0000000014bc8800 VMThread [stack: 0x0000000015c50000,0x0000000015d50000] [id=7984]
  0x000000001654a800 WatcherThread [stack: 0x0000000016a30000,0x0000000016b30000] [id=8532]

VM state:not at safepoint (normal execution)

VM Mutex/Monitor currently owned by a thread: None

Heap:
 PSYoungGen      total 18944K, used 16781K [0x00000000eab00000, 0x00000000ed000000, 0x0000000100000000)
  eden space 16384K, 86% used [0x00000000eab00000,0x00000000eb8e9798,0x00000000ebb00000)
  from space 2560K, 99% used [0x00000000ebb00000,0x00000000ebd79c88,0x00000000ebd80000)
  to   space 2560K, 0% used [0x00000000ecd80000,0x00000000ecd80000,0x00000000ed000000)
 ParOldGen       total 44032K, used 1802K [0x00000000c0000000, 0x00000000c2b00000, 0x00000000eab00000)
  object space 44032K, 4% used [0x00000000c0000000,0x00000000c01c29f8,0x00000000c2b00000)
 Metaspace       used 5949K, capacity 6960K, committed 7040K, reserved 1056768K
  class space    used 593K, capacity 616K, committed 640K, reserved 1048576K

Card table byte_map: [0x00000000118f0000,0x0000000011b00000] byte_map_base: 0x00000000112f0000

Marking Bits: (ParMarkBitMap*) 0x0000000058dea5b0
 Begin Bits: [0x0000000012060000, 0x0000000013060000)
 End Bits:   [0x0000000013060000, 0x0000000014060000)

Polling page: 0x0000000002330000

CodeCache: size=245760Kb used=5242Kb max_used=5242Kb free=240517Kb
 bounds [0x0000000002530000, 0x0000000002a60000, 0x0000000011530000]
 total_blobs=1558 nmethods=1289 adapters=182
 compilation: enabled

Compilation events (10 events):
Event: 2.982 Thread 0x0000000014c5b800 1266       3       com.android.dx.ssa.back.FirstFitLocalCombiningAllocator::tryMapReg (41 bytes)
Event: 2.983 Thread 0x0000000014c5b800 nmethod 1266 0x0000000002a1fe90 code [0x0000000002a200c0, 0x0000000002a20e88]
Event: 2.983 Thread 0x0000000014c5b800 1268       3       com.android.dx.dex.code.BlockAddresses::setupArrays (113 bytes)
Event: 2.984 Thread 0x0000000014c5b800 nmethod 1268 0x0000000002a21550 code [0x0000000002a21800, 0x0000000002a23258]
Event: 2.984 Thread 0x0000000014c5b800 1269       3       com.android.dx.dex.code.RopTranslator::outputInstructions (69 bytes)
Event: 2.985 Thread 0x0000000014c5b800 nmethod 1269 0x0000000002a24090 code [0x0000000002a24220, 0x0000000002a24678]
Event: 2.985 Thread 0x0000000014c5b800 1260   !   3       com.android.dx.cf.code.OneLocalsArray::merge (31 bytes)
Event: 2.985 Thread 0x0000000014c5b800 nmethod 1260 0x0000000002a24850 code [0x0000000002a24a00, 0x0000000002a24dc8]
Event: 2.985 Thread 0x0000000014c5b800 1265       3       com.android.dx.rop.code.Insn::canThrow (8 bytes)
Event: 2.985 Thread 0x0000000014c5b800 nmethod 1265 0x0000000002a24f50 code [0x0000000002a250c0, 0x0000000002a25428]

GC Heap History (2 events):
Event: 2.308 GC heap before
{Heap before GC invocations=1 (full 0):
 PSYoungGen      total 18944K, used 16384K [0x00000000eab00000, 0x00000000ec000000, 0x0000000100000000)
  eden space 16384K, 100% used [0x00000000eab00000,0x00000000ebb00000,0x00000000ebb00000)
  from space 2560K, 0% used [0x00000000ebd80000,0x00000000ebd80000,0x00000000ec000000)
  to   space 2560K, 0% used [0x00000000ebb00000,0x00000000ebb00000,0x00000000ebd80000)
 ParOldGen       total 44032K, used 0K [0x00000000c0000000, 0x00000000c2b00000, 0x00000000eab00000)
  object space 44032K, 0% used [0x00000000c0000000,0x00000000c0000000,0x00000000c2b00000)
 Metaspace       used 5719K, capacity 6768K, committed 7040K, reserved 1056768K
  class space    used 592K, capacity 616K, committed 640K, reserved 1048576K
Event: 2.510 GC heap after
Heap after GC invocations=1 (full 0):
 PSYoungGen      total 18944K, used 2535K [0x00000000eab00000, 0x00000000ed000000, 0x0000000100000000)
  eden space 16384K, 0% used [0x00000000eab00000,0x00000000eab00000,0x00000000ebb00000)
  from space 2560K, 99% used [0x00000000ebb00000,0x00000000ebd79c88,0x00000000ebd80000)
  to   space 2560K, 0% used [0x00000000ecd80000,0x00000000ecd80000,0x00000000ed000000)
 ParOldGen       total 44032K, used 1802K [0x00000000c0000000, 0x00000000c2b00000, 0x00000000eab00000)
  object space 44032K, 4% used [0x00000000c0000000,0x00000000c01c29f8,0x00000000c2b00000)
 Metaspace       used 5719K, capacity 6768K, committed 7040K, reserved 1056768K
  class space    used 592K, capacity 616K, committed 640K, reserved 1048576K
}

Deoptimization events (9 events):
Event: 1.799 Thread 0x00000000167af800 Uncommon trap: reason=unstable_if action=reinterpret pc=0x000000000272351c method=java.util.HashMap.getNode(ILjava/lang/Object;)Ljava/util/HashMap$Node; @ 129
Event: 1.822 Thread 0x00000000167a1000 Uncommon trap: reason=unstable_if action=reinterpret pc=0x0000000002733b70 method=java.util.BitSet.nextSetBit(I)I @ 87
Event: 2.127 Thread 0x00000000167b0000 Uncommon trap: reason=class_check action=maybe_recompile pc=0x0000000002782270 method=com.android.dx.ssa.NormalSsaInsn.accept(Lcom/android/dx/ssa/SsaInsn$Visitor;)V @ 9
Event: 2.127 Thread 0x00000000167b0000 Uncommon trap: reason=class_check action=maybe_recompile pc=0x0000000002782270 method=com.android.dx.ssa.NormalSsaInsn.accept(Lcom/android/dx/ssa/SsaInsn$Visitor;)V @ 9
Event: 2.127 Thread 0x00000000167b0000 Uncommon trap: reason=class_check action=maybe_recompile pc=0x0000000002782270 method=com.android.dx.ssa.NormalSsaInsn.accept(Lcom/android/dx/ssa/SsaInsn$Visitor;)V @ 9
Event: 2.127 Thread 0x00000000167b0000 Uncommon trap: reason=class_check action=maybe_recompile pc=0x0000000002782270 method=com.android.dx.ssa.NormalSsaInsn.accept(Lcom/android/dx/ssa/SsaInsn$Visitor;)V @ 9
Event: 2.127 Thread 0x00000000167b0000 Uncommon trap: reason=class_check action=maybe_recompile pc=0x0000000002760370 method=com.android.dx.ssa.NormalSsaInsn.accept(Lcom/android/dx/ssa/SsaInsn$Visitor;)V @ 9
Event: 2.977 Thread 0x00000000167b0000 Uncommon trap: reason=null_check action=make_not_entrant pc=0x0000000002898b8c method=com.android.dx.ssa.SsaRenamer.getLocalForNewReg(I)Lcom/android/dx/rop/code/LocalItem; @ 19
Event: 2.977 Thread 0x00000000167b0000 Uncommon trap: reason=null_check action=make_not_entrant pc=0x000000000288ecec method=com.android.dx.ssa.SsaRenamer.getLocalForNewReg(I)Lcom/android/dx/rop/code/LocalItem; @ 19

Internal exceptions (4 events):
Event: 0.288 Thread 0x000000000252e000 Exception <a 'java/lang/NoSuchMethodError': Method sun.misc.Unsafe.defineClass(Ljava/lang/String;[BII)Ljava/lang/Class; name or signature does not match> (0x00000000eab0d608) thrown at [C:\re\workspace\8-2-build-windows-amd64-cygwin\jdk8u60\4407\hotspot\sr´éÅßmÒ?
Event: 0.288 Thread 0x000000000252e000 Exception <a 'java/lang/NoSuchMethodError': Method sun.misc.Unsafe.prefetchRead(Ljava/lang/Object;J)V name or signature does not match> (0x00000000eab0d8f0) thrown at [C:\re\workspace\8-2-build-windows-amd64-cygwin\jdk8u60\4407\hotspot\src\share\vm\prims\jªŒ$ŒÑ@
Event: 2.977 Thread 0x00000000167b0000 Implicit null exception at 0x00000000028964d5 to 0x0000000002898b49
Event: 2.977 Thread 0x00000000167b0000 Implicit null exception at 0x000000000288dfcc to 0x000000000288ecb9

Events (10 events):
Event: 2.634 loading class com/android/dx/cf/code/SwitchList
Event: 2.634 loading class com/android/dx/cf/code/SwitchList done
Event: 2.944 loading class com/android/dx/cf/attrib/AttLocalVariableTypeTable
Event: 2.944 loading class com/android/dx/cf/attrib/AttLocalVariableTypeTable done
Event: 2.977 Thread 0x00000000167b0000 Uncommon trap: trap_request=0xfffffff4 fr.pc=0x0000000002898b8c
Event: 2.977 Thread 0x00000000167b0000 DEOPT PACKING pc=0x0000000002898b8c sp=0x0000000016f2e7a0
Event: 2.977 Thread 0x00000000167b0000 DEOPT UNPACKING pc=0x000000000257582a sp=0x0000000016f2e5f8 mode 2
Event: 2.977 Thread 0x00000000167b0000 Uncommon trap: trap_request=0xfffffff4 fr.pc=0x000000000288ecec
Event: 2.977 Thread 0x00000000167b0000 DEOPT PACKING pc=0x000000000288ecec sp=0x0000000016f2e780
Event: 2.977 Thread 0x00000000167b0000 DEOPT UNPACKING pc=0x000000000257582a sp=0x0000000016f2e5e8 mode 2


Dynamic libraries:
0x00007ff6a9880000 - 0x00007ff6a98b7000 	C:\Program Files\Java\jdk1.8.0_60\bin\java.exe
0x00007ff9bbca0000 - 0x00007ff9bbe62000 	C:\Windows\SYSTEM32\ntdll.dll
0x00007ff9b9670000 - 0x00007ff9b971d000 	C:\Windows\system32\KERNEL32.DLL
0x00007ff9b8aa0000 - 0x00007ff9b8c7d000 	C:\Windows\system32\KERNELBASE.dll
0x00007ff9b9560000 - 0x00007ff9b9606000 	C:\Windows\system32\ADVAPI32.dll
0x00007ff9bbc00000 - 0x00007ff9bbc9d000 	C:\Windows\system32\msvcrt.dll
0x00007ff9bb1d0000 - 0x00007ff9bb22b000 	C:\Windows\system32\sechost.dll
0x00007ff9bb3f0000 - 0x00007ff9bb516000 	C:\Windows\system32\RPCRT4.dll
0x00007ff9bb730000 - 0x00007ff9bb87e000 	C:\Windows\system32\USER32.dll
0x00007ff9bb8f0000 - 0x00007ff9bba73000 	C:\Windows\system32\GDI32.dll
0x00007ff9b0900000 - 0x00007ff9b0b74000 	C:\Windows\WinSxS\amd64_microsoft.windows.common-controls_6595b64144ccf1df_6.0.10240.17184_none_f41d7a705752bce6\COMCTL32.dll
0x00007ff9b9360000 - 0x00007ff9b9396000 	C:\Windows\system32\IMM32.DLL
0x00007ff9bb520000 - 0x00007ff9bb67c000 	C:\Windows\system32\MSCTF.dll
0x0000000058e70000 - 0x0000000058f42000 	C:\Program Files\Java\jdk1.8.0_60\jre\bin\msvcr100.dll
0x00000000585e0000 - 0x0000000058e69000 	C:\Program Files\Java\jdk1.8.0_60\jre\bin\server\jvm.dll
0x00007ff9bb230000 - 0x00007ff9bb238000 	C:\Windows\system32\PSAPI.DLL
0x00007ff9b43b0000 - 0x00007ff9b43b9000 	C:\Windows\SYSTEM32\WSOCK32.dll
0x00007ff9b9950000 - 0x00007ff9b99b9000 	C:\Windows\system32\WS2_32.dll
0x00007ff9b93a0000 - 0x00007ff9b93a8000 	C:\Windows\system32\NSI.dll
0x00007ff9b63a0000 - 0x00007ff9b63c3000 	C:\Windows\SYSTEM32\WINMM.dll
0x00007ff9b6060000 - 0x00007ff9b606a000 	C:\Windows\SYSTEM32\VERSION.dll
0x00007ff9b6340000 - 0x00007ff9b636c000 	C:\Windows\SYSTEM32\WINMMBASE.dll
0x00007ff9b9310000 - 0x00007ff9b9354000 	C:\Windows\system32\cfgmgr32.dll
0x00007ff9b6fa0000 - 0x00007ff9b6fc7000 	C:\Windows\SYSTEM32\DEVOBJ.dll
0x00000000585d0000 - 0x00000000585df000 	C:\Program Files\Java\jdk1.8.0_60\jre\bin\verify.dll
0x00000000585a0000 - 0x00000000585c9000 	C:\Program Files\Java\jdk1.8.0_60\jre\bin\java.dll
0x0000000058580000 - 0x0000000058596000 	C:\Program Files\Java\jdk1.8.0_60\jre\bin\zip.dll
0x00007ff9b9ca0000 - 0x00007ff9bb1c3000 	C:\Windows\system32\SHELL32.dll
0x00007ff9b8ce0000 - 0x00007ff9b9309000 	C:\Windows\system32\windows.storage.dll
0x00007ff9b99c0000 - 0x00007ff9b9c3c000 	C:\Windows\system32\combase.dll
0x00007ff9b9c40000 - 0x00007ff9b9c91000 	C:\Windows\system32\shlwapi.dll
0x00007ff9b86e0000 - 0x00007ff9b86ef000 	C:\Windows\system32\kernel.appcore.dll
0x00007ff9b8760000 - 0x00007ff9b8813000 	C:\Windows\system32\shcore.dll
0x00007ff9b8710000 - 0x00007ff9b875a000 	C:\Windows\system32\powrprof.dll
0x00007ff9b86c0000 - 0x00007ff9b86d3000 	C:\Windows\system32\profapi.dll

VM Arguments:
jvm_args: -Djava.awt.headless=true -Xmx1024M -Dfile.encoding=windows-1252 -Duser.country=US -Duser.language=en -Duser.variant 
java_command: com.android.dx.command.Main --dex --num-threads=4 --output C:\Users\AppBakerZ\Downloads\Adil\rn\react-native-intro\android\app\build\intermediates\pre-dexed\debug\internal_impl-23.0.1_34deb836aafe9e6495047d188e11a5cd0d0ff53b.jar C:\Users\AppBakerZ\Downloads\Adil\rn\react-native-intro\android\app\build\intermediates\exploded-aar\com.android.support\support-v4\23.0.1\jars\libs\internal_impl-23.0.1.jar
java_class_path (initial): E:\Android\sdk\build-tools\23.0.1\lib\dx.jar
Launcher Type: SUN_STANDARD

Environment Variables:
JAVA_HOME=C:\Program Files\Java\jdk1.8.0_60
CLASSPATH=C:\Users\AppBakerZ\Downloads\Adil\rn\react-native-intro\android\\gradle\wrapper\gradle-wrapper.jar
PATH=C:\ProgramData\Oracle\Java\javapath;C:\Windows\system32;C:\Windows;C:\Windows\System32\Wbem;C:\Windows\System32\WindowsPowerShell\v1.0\;C:\Program Files\nodejs\;C:\Program Files (x86)\Windows Kits\8.1\Windows Performance Toolkit\;C:\Program Files\Git\cmd;;C:\Program Files\Java\jdk1.8.0_60\bin\bin;C:\apache-ant-1.9.4\bin;E:\Android\sdk\tools;E:\Android\sdk\platform-tools;C:\Ruby24-x64\bin;C:\Users\AppBakerZ\AppData\Roaming\npm;C:\Users\AppBakerZ\AppData\Local\.meteor\;C:\Program Files (x86)\Microsoft VS Code\bin;C:\apache-ant-1.9.4\bin;C:\Program Files\Java\jdk1.8.0_60C:\Program Files\Java\jdk1.8.0_60;E:\Android\sdk\tools;E:\Android\sdk\platform-tools
USERNAME=AppBakerZ
OS=Windows_NT
PROCESSOR_IDENTIFIER=Intel64 Family 6 Model 58 Stepping 9, GenuineIntel



---------------  S Y S T E M  ---------------

OS: Windows 10.0 , 64 bit Build 10240 (10.0.10240.17113)

CPU:total 4 (2 cores per cpu, 2 threads per core) family 6 model 58 stepping 9, cmov, cx8, fxsr, mmx, sse, sse2, sse3, ssse3, sse4.1, sse4.2, popcnt, avx, aes, clmul, erms, ht, tsc, tscinvbit, tscinv

Memory: 4k page, physical 4064268k(250004k free), swap 7956420k(4508k free)

vm_info: Java HotSpot(TM) 64-Bit Server VM (25.60-b23) for windows-amd64 JRE (1.8.0_60-b27), built on Aug  4 2015 11:06:27 by "java_re" with MS VC++ 10.0 (VS2010)

time: Wed Sep 20 13:46:16 2017
elapsed time: 3 seconds (0d 0h 0m 3s)

